This file contains any messages produced by compilers while
running configure, to aid debugging if configure makes a mistake.

It was created by LLVM configure 3.5.0, which was
generated by GNU Autoconf 2.60.  Invocation command line was

  $ /Users/stevenjames2/Documents/clang-omp:llvm/configure 

## --------- ##
## Platform. ##
## --------- ##

hostname = Studionet
uname -m = x86_64
uname -r = 15.2.0
uname -s = Darwin
uname -v = Darwin Kernel Version 15.2.0: Fri Nov 13 19:56:56 PST 2015; root:xnu-3248.20.55~2/RELEASE_X86_64

/usr/bin/uname -p = i386
/bin/uname -X     = unknown

/bin/arch              = unknown
/usr/bin/arch -k       = unknown
/usr/convex/getsysinfo = unknown
/usr/bin/hostinfo      = Mach kernel version:
	 Darwin Kernel Version 15.2.0: Fri Nov 13 19:56:56 PST 2015; root:xnu-3248.20.55~2/RELEASE_X86_64
Kernel configured for up to 4 processors.
2 processors are physically available.
4 processors are logically available.
Processor type: i486 (Intel 80486)
Processors active: 0 1 2 3
Primary memory available: 8.00 gigabytes
Default processor set: 178 tasks, 736 threads, 4 processors
Load average: 9.84, Mach factor: 0.38
/bin/machine           = unknown
/usr/bin/oslevel       = unknown
/bin/universe          = unknown

PATH: /usr/local/bin
PATH: /usr/bin
PATH: /bin
PATH: /usr/sbin
PATH: /sbin
PATH: /opt/X11/bin
PATH: /usr/local/MacGPG2/bin
PATH: /usr/local/munki
PATH: /Library/TeX/texbin


## ----------- ##
## Core tests. ##
## ----------- ##

configure:1994: error: Already configured in /Users/stevenjames2/Documents/clang-omp:llvm

## ---------------- ##
## Cache variables. ##
## ---------------- ##

ac_cv_env_CCC_set=
ac_cv_env_CCC_value=
ac_cv_env_CC_set=
ac_cv_env_CC_value=
ac_cv_env_CFLAGS_set=
ac_cv_env_CFLAGS_value=
ac_cv_env_CPPFLAGS_set=
ac_cv_env_CPPFLAGS_value=
ac_cv_env_CPP_set=
ac_cv_env_CPP_value=
ac_cv_env_CXXCPP_set=
ac_cv_env_CXXCPP_value=
ac_cv_env_CXXFLAGS_set=
ac_cv_env_CXXFLAGS_value=
ac_cv_env_CXX_set=
ac_cv_env_CXX_value=
ac_cv_env_LDFLAGS_set=
ac_cv_env_LDFLAGS_value=
ac_cv_env_build_alias_set=
ac_cv_env_build_alias_value=
ac_cv_env_host_alias_set=
ac_cv_env_host_alias_value=
ac_cv_env_target_alias_set=
ac_cv_env_target_alias_value=

## ----------------- ##
## Output variables. ##
## ----------------- ##

ALL_BINDINGS=''
ALL_TARGETS=''
AR=''
ARCH=''
BINDINGS_TO_BUILD=''
BINPWD=''
BINUTILS_INCDIR=''
BUILD_CC=''
BUILD_CXX=''
BUILD_EXEEXT=''
BZIP2=''
CAT=''
CC=''
CFLAGS=''
CLANG_PLUGIN_SUPPORT=''
CLANG_SRC_ROOT=''
CMP=''
COVERED_SWITCH_DEFAULT=''
CP=''
CPP=''
CPPFLAGS=''
CVSBUILD=''
CXX=''
CXXCPP=''
CXXFLAGS=''
DATE=''
DEBUG_RUNTIME=''
DEBUG_SYMBOLS=''
DEFS=''
DISABLE_ASSERTIONS=''
DOT=''
DOXYGEN=''
ECHO_C='ECHO_N=''
ECHO_T=''
EGREP=''
ENABLE_CLANG_ARCMT=''
ENABLE_CLANG_STATIC_ANALYZER=''
ENABLE_CXX1Y=''
ENABLE_DOCS=''
ENABLE_DOXYGEN=''
ENABLE_EMBED_STDCXX=''
ENABLE_EXPENSIVE_CHECKS=''
ENABLE_LIBCPP=''
ENABLE_OPTIMIZED=''
ENABLE_PIC=''
ENABLE_POLLY=''
ENABLE_PROFILING=''
ENABLE_PTHREADS=''
ENABLE_SHARED=''
ENABLE_SPLIT_DWARF=''
ENABLE_TERMINFO=''
ENABLE_TIMESTAMPS=''
ENABLE_VISIBILITY_INLINES_HIDDEN=''
ENABLE_WERROR=''
EXEEXT=''
EXPENSIVE_CHECKS=''
EXTRA_LD_OPTIONS=''
EXTRA_OPTIONS=''
FIND=''
GAS=''
GREP=''
GROFF=''
GZIPBIN=''
HAVE_DLOPEN=''
HAVE_LIBZ=''
HAVE_LINK_VERSION_SCRIPT=''
HAVE_PTHREAD=''
HAVE_TERMINFO=''
HOST_ARCH=''
HOST_OS=''
HUGE_VAL_SANITY=''
INSTALL_DATA=''
INSTALL_PROGRAM=''
INSTALL_SCRIPT=''
INTERNAL_PREFIX=''
JIT=''
KEEP_SYMBOLS=''
LDFLAGS=''
LIBOBJS=''
LIBS=''
LIBXML2_INC=''
LIBXML2_LIBS=''
LINKALL=''
LLVM_BINDIR=''
LLVM_CONFIGTIME=''
LLVM_COPYRIGHT='Copyright (c) 2003-2014 University of Illinois at Urbana-Champaign.'
LLVM_CROSS_COMPILING=''
LLVM_DATADIR=''
LLVM_DOCSDIR=''
LLVM_ENABLE_THREADS=''
LLVM_ENABLE_ZLIB=''
LLVM_ENUM_ASM_PARSERS=''
LLVM_ENUM_ASM_PRINTERS=''
LLVM_ENUM_DISASSEMBLERS=''
LLVM_ENUM_TARGETS=''
LLVM_ETCDIR=''
LLVM_HAS_POLLY=''
LLVM_INCLUDEDIR=''
LLVM_INFODIR=''
LLVM_MANDIR=''
LLVM_NATIVE_ARCH=''
LLVM_ON_UNIX=''
LLVM_ON_WIN32=''
LLVM_PREFIX=''
LLVM_VERSION_MAJOR='3'
LLVM_VERSION_MINOR='5'
LLVM_VERSION_PATCH='0'
LLVM_VERSION_SUFFIX=''
LN_S=''
LTLIBOBJS=''
MKDIR=''
MMAP_FILE=''
MV=''
NM=''
NOLINKALL=''
NO_MAYBE_UNINITIALIZED=''
NO_MISSING_FIELD_INITIALIZERS=''
NO_UNINITIALIZED=''
NO_VARIADIC_MACROS=''
OBJEXT=''
OCAMLC=''
OCAMLDEP=''
OCAMLDOC=''
OCAMLOPT=''
OCAML_LIBDIR=''
OPTIMIZE_OPTION=''
OS=''
PACKAGE_BUGREPORT='http://llvm.org/bugs/'
PACKAGE_NAME='LLVM'
PACKAGE_STRING='LLVM 3.5.0'
PACKAGE_TARNAME='llvm'
PACKAGE_VERSION='3.5.0'
PATH_SEPARATOR=':'
PDFROFF=''
PYTHON=''
RANLIB=''
RDYNAMIC=''
RM=''
RPATH=''
SED=''
SHELL='/bin/sh'
SHLIBEXT=''
TAR=''
TARGETS_TO_BUILD=''
TARGETS_WITH_JIT=''
TARGET_HAS_JIT=''
TARGET_OS=''
USE_INTEL_JITEVENTS=''
USE_OPROFILE=''
XML2CONFIG=''
ZIP=''
ac_ct_CC=''
ac_ct_CXX=''
bindir='${exec_prefix}/bin'
build=''
build_alias=''
build_cpu=''
build_os=''
build_vendor=''
datadir='${datarootdir}'
datarootdir='${prefix}/share'
docdir='${datarootdir}/doc/${PACKAGE_TARNAME}'
dvidir='${docdir}'
exec_prefix='NONE'
host=''
host_alias=''
host_cpu=''
host_os=''
host_vendor=''
htmldir='${docdir}'
ifGNUmake=''
includedir='${prefix}/include'
infodir='${datarootdir}/info'
libdir='${exec_prefix}/lib'
libexecdir='${exec_prefix}/libexec'
localedir='${datarootdir}/locale'
localstatedir='${prefix}/var'
mandir='${datarootdir}/man'
oldincludedir='/usr/include'
pdfdir='${docdir}'
prefix='NONE'
program_prefix='NONE'
program_transform_name='s,x,x,'
psdir='${docdir}'
sbindir='${exec_prefix}/sbin'
sharedstatedir='${prefix}/com'
subdirs=''
sysconfdir='${prefix}/etc'
target=''
target_alias=''
target_cpu=''
target_os=''
target_vendor=''

## ----------- ##
## confdefs.h. ##
## ----------- ##

#define PACKAGE_NAME "LLVM"
#define PACKAGE_TARNAME "llvm"
#define PACKAGE_VERSION "3.5.0"
#define PACKAGE_STRING "LLVM 3.5.0"
#define PACKAGE_BUGREPORT "http://llvm.org/bugs/"
#define LLVM_VERSION_MAJOR 3
#define LLVM_VERSION_MINOR 5
#define LLVM_VERSION_PATCH 0

configure: exit 1
